<?xml version="1.0" encoding="UTF-8"?>
<!-- Generated by org.testng.reporters.JUnitReportReporter -->
<testsuite hostname="xe-tu-sheetal" name="testng.TestNGAnnotations" tests="1" failures="0" timestamp="14 Sep 2015 11:29:03 GMT" time="0.023" errors="0">
  <testcase name="testcase" time="0.023" classname="testng.TestNGAnnotations"/>
</testsuite> <!-- testng.TestNGAnnotations -->
